<?xml version="1.0" encoding="UTF-8"?>
<testsuite name="ru.netology.rest.Echo" tests="1" skipped="0" failures="0" errors="0" timestamp="2023-03-03T14:55:47" hostname="192.168.0.17" time="2.883">
  <properties/>
  <testcase name="shouldSendPostRequest()" classname="ru.netology.rest.Echo" time="2.883"/>
  <system-out><![CDATA[]]></system-out>
  <system-err><![CDATA[]]></system-err>
</testsuite>
